Copyright 1986-2015 Xilinx, Inc. All Rights Reserved.
-----------------------------------------------------------------------------------------
| Tool Version : Vivado v.2015.2 (lin64) Build 1266856 Fri Jun 26 16:35:25 MDT 2015
| Date         : Wed Oct  7 23:05:01 2015
| Host         : cadence11 running 64-bit Scientific Linux CERN SLC release 6.7 (Carbon)
| Command      : report_drc
-----------------------------------------------------------------------------------------

Report DRC

Table of Contents
-----------------
1. REPORT SUMMARY
2. REPORT DETAILS

1. REPORT SUMMARY
-----------------
            Netlist: netlist
          Floorplan: design_1
      Design limits: <entire design considered>
           Ruledeck: default
             Max violations: <unlimited>
             Violations found: 12

2. REPORT DETAILS
-----------------
NSTD-1#1 Critical Warning
Unspecified I/O Standard  
88 out of 88 logical ports use I/O standard (IOSTANDARD) value 'DEFAULT', instead of a user assigned specific value. This may cause I/O contention or incompatibility with the board power or connectivity affecting performance, signal integrity or in extreme cases cause damage to the device or the components to which it is connected. To correct this violation, specify all I/O standards. This design will fail to generate a bitstream unless all logical ports have a user specified I/O standard value defined. To allow bitstream creation with unspecified I/O standard values (not recommended), use this command: set_property SEVERITY {Warning} [get_drc_checks NSTD-1].  NOTE: When using the Vivado Runs infrastructure (e.g. launch_runs Tcl command), add this command to a .tcl file and add that file as a pre-hook for write_bitstream step for the implementation run. Problem ports: S_AXI_AWADDR[3:0], S_AXI_WDATA[31:0], S_AXI_WSTRB[3:0], S_AXI_BRESP[1:0], S_AXI_ARADDR[3:0], S_AXI_RDATA[31:0], S_AXI_RRESP[1:0], S_AXI_RREADY, S_AXI_ARESETN, S_AXI_AWVALID, S_AXI_AWREADY, S_AXI_WVALID, S_AXI_WREADY, S_AXI_BVALID, S_AXI_BREADY (the first 15 of 19 listed).
Related violations: <none>

UCIO-1#1 Critical Warning
Unconstrained Logical Port  
88 out of 88 logical ports have no user assigned specific location constraint (LOC). This may cause I/O contention or incompatibility with the board power or connectivity affecting performance, signal integrity or in extreme cases cause damage to the device or the components to which it is connected. To correct this violation, specify all pin locations. This design will fail to generate a bitstream unless all logical ports have a user specified site LOC constraint defined.  To allow bitstream creation with unspecified pin locations (not recommended), use this command: set_property SEVERITY {Warning} [get_drc_checks UCIO-1].  NOTE: When using the Vivado Runs infrastructure (e.g. launch_runs Tcl command), add this command to a .tcl file and add that file as a pre-hook for write_bitstream step for the implementation run.  Problem ports: S_AXI_AWADDR[3:0], S_AXI_WDATA[31:0], S_AXI_WSTRB[3:0], S_AXI_BRESP[1:0], S_AXI_ARADDR[3:0], S_AXI_RDATA[31:0], S_AXI_RRESP[1:0], S_AXI_RREADY, S_AXI_ARESETN, S_AXI_AWVALID, S_AXI_AWREADY, S_AXI_WVALID, S_AXI_WREADY, S_AXI_BVALID, S_AXI_BREADY (the first 15 of 19 listed).
Related violations: <none>

CFGBVS-1#1 Warning
Missing CFGBVS and CONFIG_VOLTAGE Design Properties  
Neither the CFGBVS nor CONFIG_VOLTAGE voltage property is set in the current_design.  Configuration bank voltage select (CFGBVS) must be set to VCCO or GND, and CONFIG_VOLTAGE must be set to the correct configuration voltage, in order to determine the I/O voltage support for the pins in bank 0.  It is suggested to specify these either using the 'Edit Device Properties' function in the GUI or directly in the XDC file using the following syntax:

 set_property CFGBVS value1 [current_design]
 #where value1 is either VCCO or GND

 set_property CONFIG_VOLTAGE value2 [current_design]
 #where value2 is the voltage provided to configuration bank 0

Refer to the device configuration user guide for more information.
Related violations: <none>

DPIP-1#1 Warning
Input pipelining  
DSP rc1/msrtc/U0/i_synth/i_baseip.i_xbip_counter/i_dsp48.i_dsp/i_vx7.i_dsp48e_wrap/i_primitive input B is not pipelined. Pipelining DSP48 input will improve performance.
Related violations: <none>

DPIP-1#2 Warning
Input pipelining  
DSP rc1/rtc1/U0/i_synth/i_baseip.i_xbip_counter/i_dsp48.i_dsp/i_vx7.i_dsp48e_wrap/i_primitive input B C is not pipelined. Pipelining DSP48 input will improve performance.
Related violations: <none>

DPIP-1#3 Warning
Input pipelining  
DSP rc1/rtc2/U0/i_synth/i_baseip.i_xbip_counter/i_dsp48.i_dsp/i_vx7.i_dsp48e_wrap/i_primitive input B C is not pipelined. Pipelining DSP48 input will improve performance.
Related violations: <none>

DPOP-1#1 Warning
Output pipelining  
DSP rc1/msrtc/U0/i_synth/i_baseip.i_xbip_counter/i_dsp48.i_dsp/i_vx7.i_dsp48e_wrap/i_primitive output P is not pipelined. Pipelining DSP48 output will improve performance. Both multiplier/adder output can be pipelined.
Related violations: <none>

DPOP-1#2 Warning
Output pipelining  
DSP rc1/rtc1/U0/i_synth/i_baseip.i_xbip_counter/i_dsp48.i_dsp/i_vx7.i_dsp48e_wrap/i_primitive output P is not pipelined. Pipelining DSP48 output will improve performance. Both multiplier/adder output can be pipelined.
Related violations: <none>

DPOP-1#3 Warning
Output pipelining  
DSP rc1/rtc2/U0/i_synth/i_baseip.i_xbip_counter/i_dsp48.i_dsp/i_vx7.i_dsp48e_wrap/i_primitive output P is not pipelined. Pipelining DSP48 output will improve performance. Both multiplier/adder output can be pipelined.
Related violations: <none>

AVAL-5#1 Advisory
enum_USE_MULT_NONE_enum_DREG_ADREG_0_connects_CED_CEAD_RSTD_GND  
rc1/msrtc/U0/i_synth/i_baseip.i_xbip_counter/i_dsp48.i_dsp/i_vx7.i_dsp48e_wrap/i_primitive: DSP48E1 is not using the Multiplier (USE_MULT = NONE). For improved power characteristics, set DREG and ADREG to '1', tie CED, CEAD, and RSTD to logic '0'.
Related violations: <none>

AVAL-5#2 Advisory
enum_USE_MULT_NONE_enum_DREG_ADREG_0_connects_CED_CEAD_RSTD_GND  
rc1/rtc1/U0/i_synth/i_baseip.i_xbip_counter/i_dsp48.i_dsp/i_vx7.i_dsp48e_wrap/i_primitive: DSP48E1 is not using the Multiplier (USE_MULT = NONE). For improved power characteristics, set DREG and ADREG to '1', tie CED, CEAD, and RSTD to logic '0'.
Related violations: <none>

AVAL-5#3 Advisory
enum_USE_MULT_NONE_enum_DREG_ADREG_0_connects_CED_CEAD_RSTD_GND  
rc1/rtc2/U0/i_synth/i_baseip.i_xbip_counter/i_dsp48.i_dsp/i_vx7.i_dsp48e_wrap/i_primitive: DSP48E1 is not using the Multiplier (USE_MULT = NONE). For improved power characteristics, set DREG and ADREG to '1', tie CED, CEAD, and RSTD to logic '0'.
Related violations: <none>


